<?xml version="1.0" encoding="UTF-8"?>
<!-- Generated by org.testng.reporters.JUnitXMLReporter -->
<testsuite ignored="0" hostname="LAPTOP-6RQ1AS2M" failures="0" tests="16" name="Test" time="98.358" errors="0" timestamp="2022-11-21T17:50:30 IST">
  <testcase classname="pom_testcase.DWS_GiftCard_Test" name="TC06" time="4.77"/>
  <testcase classname="pom_testcase.DWS_Search_Test" name="TC03" time="0.875"/>
  <testcase classname="pom_testcase.DWS_ContactUs_Test" name="test01" time="1.23"/>
  <testcase classname="pom_testcase.DWS_ComputersTest" name="TC06" time="1.623"/>
  <testcase classname="pom_testcase.DWS_Register_Test" name="TC01" time="0.932"/>
  <testcase classname="pom_testcase.DWS_Digital_DownloadsTest" name="TC08" time="2.412"/>
  <testcase classname="pom_testcase.DWS_advanceserch_Test" name="TC10" time="1.996"/>
  <testcase classname="pom_testcase.DWS_Apparel_and_shoesTest" name="TC07" time="5.939"/>
  <testcase classname="pom_testcase.DWS_Jewellery_Test" name="TC07" time="3.723"/>
  <testcase classname="pom_testcase.DWS_Vote_Test" name="TC11" time="0.104"/>
  <testcase classname="pom_testcase.DWS_Login_Test" name="TC02" time="2.889"/>
  <testcase classname="pom_testcase.DWS_Login_Test" name="TC02" time="3.201"/>
  <testcase classname="pom_testcase.DWS_Electronics_Test" name="TC12" time="0.807"/>
  <testcase classname="pom_testcase.DWS_Books_Test" name="TC09" time="2.913"/>
  <testcase classname="pom_testcase.DWS_Wishlist_Test" name="TC05" time="0.493"/>
  <testcase classname="pom_testcase.DWS_ShoppingCart_Test" name="TC04" time="0.635"/>
</testsuite> <!-- Test -->
